<?xml version="1.0" encoding="UTF-8"?>
<!-- Generated by org.testng.reporters.JUnitReportReporter -->
<testsuite hostname="Guru" name="com.flipkart.testscript.regression.search.RegFlipkartSearchTest" tests="1" failures="0" timestamp="31 Jan 2021 10:57:31 GMT" time="22.051" errors="0">
  <testcase name="searchItem" time="22.051" classname="com.flipkart.testscript.regression.search.RegFlipkartSearchTest"/>
</testsuite> <!-- com.flipkart.testscript.regression.search.RegFlipkartSearchTest -->
